<?xml version="1.0" encoding="UTF-8"?>
<testng-results ignored="0" total="9" passed="9" failed="0" skipped="0">
  <reporter-output>
  </reporter-output>
  <suite started-at="2025-01-13T16:42:56 IST" name="Suite" finished-at="2025-01-13T16:43:12 IST" duration-ms="16106">
    <groups>
    </groups>
    <test started-at="2025-01-13T16:42:56 IST" name="edgeTest" finished-at="2025-01-13T16:43:08 IST" duration-ms="11837">
      <class name="TestNG_Day_7.Dataprovider.ParaTest">
        <test-method is-config="true" signature="setUp(java.lang.String)[pri:0, instance:TestNG_Day_7.Dataprovider.ParaTest@38c6f217]" started-at="2025-01-13T16:42:56 IST" name="setUp" finished-at="2025-01-13T16:43:08 IST" duration-ms="11483" status="PASS">
          <params>
            <param index="0">
              <value>
                <![CDATA[edge]]>
              </value>
            </param>
          </params>
          <reporter-output>
          </reporter-output>
        </test-method> <!-- setUp -->
        <test-method signature="testLogo()[pri:1, instance:TestNG_Day_7.Dataprovider.ParaTest@38c6f217]" started-at="2025-01-13T16:43:08 IST" name="testLogo" finished-at="2025-01-13T16:43:08 IST" duration-ms="66" status="PASS">
          <reporter-output>
          </reporter-output>
        </test-method> <!-- testLogo -->
        <test-method signature="testTitle()[pri:2, instance:TestNG_Day_7.Dataprovider.ParaTest@38c6f217]" started-at="2025-01-13T16:43:08 IST" name="testTitle" finished-at="2025-01-13T16:43:08 IST" duration-ms="19" status="PASS">
          <reporter-output>
          </reporter-output>
        </test-method> <!-- testTitle -->
        <test-method signature="testURL()[pri:3, instance:TestNG_Day_7.Dataprovider.ParaTest@38c6f217]" started-at="2025-01-13T16:43:08 IST" name="testURL" finished-at="2025-01-13T16:43:08 IST" duration-ms="14" status="PASS">
          <reporter-output>
          </reporter-output>
        </test-method> <!-- testURL -->
        <test-method is-config="true" signature="tearDown()[pri:0, instance:TestNG_Day_7.Dataprovider.ParaTest@38c6f217]" started-at="2025-01-13T16:43:08 IST" name="tearDown" finished-at="2025-01-13T16:43:08 IST" duration-ms="206" status="PASS">
          <reporter-output>
          </reporter-output>
        </test-method> <!-- tearDown -->
      </class> <!-- TestNG_Day_7.Dataprovider.ParaTest -->
    </test> <!-- edgeTest -->
    <test started-at="2025-01-13T16:42:56 IST" name="chromeTest" finished-at="2025-01-13T16:43:10 IST" duration-ms="13481">
      <class name="TestNG_Day_7.Dataprovider.ParaTest">
        <test-method is-config="true" signature="setUp(java.lang.String)[pri:0, instance:TestNG_Day_7.Dataprovider.ParaTest@6c80d78a]" started-at="2025-01-13T16:42:56 IST" name="setUp" finished-at="2025-01-13T16:43:09 IST" duration-ms="13242" status="PASS">
          <params>
            <param index="0">
              <value>
                <![CDATA[chrome]]>
              </value>
            </param>
          </params>
          <reporter-output>
          </reporter-output>
        </test-method> <!-- setUp -->
        <test-method signature="testLogo()[pri:1, instance:TestNG_Day_7.Dataprovider.ParaTest@6c80d78a]" started-at="2025-01-13T16:43:09 IST" name="testLogo" finished-at="2025-01-13T16:43:10 IST" duration-ms="63" status="PASS">
          <reporter-output>
          </reporter-output>
        </test-method> <!-- testLogo -->
        <test-method signature="testTitle()[pri:2, instance:TestNG_Day_7.Dataprovider.ParaTest@6c80d78a]" started-at="2025-01-13T16:43:10 IST" name="testTitle" finished-at="2025-01-13T16:43:10 IST" duration-ms="21" status="PASS">
          <reporter-output>
          </reporter-output>
        </test-method> <!-- testTitle -->
        <test-method signature="testURL()[pri:3, instance:TestNG_Day_7.Dataprovider.ParaTest@6c80d78a]" started-at="2025-01-13T16:43:10 IST" name="testURL" finished-at="2025-01-13T16:43:10 IST" duration-ms="15" status="PASS">
          <reporter-output>
          </reporter-output>
        </test-method> <!-- testURL -->
        <test-method is-config="true" signature="tearDown()[pri:0, instance:TestNG_Day_7.Dataprovider.ParaTest@6c80d78a]" started-at="2025-01-13T16:43:10 IST" name="tearDown" finished-at="2025-01-13T16:43:10 IST" duration-ms="101" status="PASS">
          <reporter-output>
          </reporter-output>
        </test-method> <!-- tearDown -->
      </class> <!-- TestNG_Day_7.Dataprovider.ParaTest -->
    </test> <!-- chromeTest -->
    <test started-at="2025-01-13T16:42:56 IST" name="firefoxTest" finished-at="2025-01-13T16:43:12 IST" duration-ms="16106">
      <class name="TestNG_Day_7.Dataprovider.ParaTest">
        <test-method is-config="true" signature="setUp(java.lang.String)[pri:0, instance:TestNG_Day_7.Dataprovider.ParaTest@7e07db1f]" started-at="2025-01-13T16:42:56 IST" name="setUp" finished-at="2025-01-13T16:43:11 IST" duration-ms="14940" status="PASS">
          <params>
            <param index="0">
              <value>
                <![CDATA[firefox]]>
              </value>
            </param>
          </params>
          <reporter-output>
          </reporter-output>
        </test-method> <!-- setUp -->
        <test-method signature="testLogo()[pri:1, instance:TestNG_Day_7.Dataprovider.ParaTest@7e07db1f]" started-at="2025-01-13T16:43:11 IST" name="testLogo" finished-at="2025-01-13T16:43:11 IST" duration-ms="38" status="PASS">
          <reporter-output>
          </reporter-output>
        </test-method> <!-- testLogo -->
        <test-method signature="testTitle()[pri:2, instance:TestNG_Day_7.Dataprovider.ParaTest@7e07db1f]" started-at="2025-01-13T16:43:11 IST" name="testTitle" finished-at="2025-01-13T16:43:11 IST" duration-ms="9" status="PASS">
          <reporter-output>
          </reporter-output>
        </test-method> <!-- testTitle -->
        <test-method signature="testURL()[pri:3, instance:TestNG_Day_7.Dataprovider.ParaTest@7e07db1f]" started-at="2025-01-13T16:43:11 IST" name="testURL" finished-at="2025-01-13T16:43:11 IST" duration-ms="7" status="PASS">
          <reporter-output>
          </reporter-output>
        </test-method> <!-- testURL -->
        <test-method is-config="true" signature="tearDown()[pri:0, instance:TestNG_Day_7.Dataprovider.ParaTest@7e07db1f]" started-at="2025-01-13T16:43:11 IST" name="tearDown" finished-at="2025-01-13T16:43:12 IST" duration-ms="1074" status="PASS">
          <reporter-output>
          </reporter-output>
        </test-method> <!-- tearDown -->
      </class> <!-- TestNG_Day_7.Dataprovider.ParaTest -->
    </test> <!-- firefoxTest -->
  </suite> <!-- Suite -->
</testng-results>
