<?xml version="1.0" encoding="UTF-8"?>
<testng-results ignored="0" total="3" passed="3" failed="0" skipped="0">
  <reporter-output>
  </reporter-output>
  <suite started-at="2024-12-24T18:07:05 IST" name="Default suite" finished-at="2024-12-24T18:07:05 IST" duration-ms="69">
    <groups>
    </groups>
    <test started-at="2024-12-24T18:07:05 IST" name="Default test" finished-at="2024-12-24T18:07:05 IST" duration-ms="69">
      <class name="TestNG_Day_1.FirstTestcase">
        <test-method signature="openApp()[pri:1, instance:TestNG_Day_1.FirstTestcase@7722c3c3]" started-at="2024-12-24T18:07:05 IST" name="openApp" finished-at="2024-12-24T18:07:05 IST" duration-ms="16" status="PASS">
          <reporter-output>
          </reporter-output>
        </test-method> <!-- openApp -->
        <test-method signature="logIn()[pri:2, instance:TestNG_Day_1.FirstTestcase@7722c3c3]" started-at="2024-12-24T18:07:05 IST" name="logIn" finished-at="2024-12-24T18:07:05 IST" duration-ms="2" status="PASS">
          <reporter-output>
          </reporter-output>
        </test-method> <!-- logIn -->
        <test-method signature="logOut()[pri:3, instance:TestNG_Day_1.FirstTestcase@7722c3c3]" started-at="2024-12-24T18:07:05 IST" name="logOut" finished-at="2024-12-24T18:07:05 IST" duration-ms="1" status="PASS">
          <reporter-output>
          </reporter-output>
        </test-method> <!-- logOut -->
      </class> <!-- TestNG_Day_1.FirstTestcase -->
    </test> <!-- Default test -->
  </suite> <!-- Default suite -->
</testng-results>
