<?xml version="1.0" encoding="UTF-8"?>
<!-- Generated by org.testng.reporters.JUnitXMLReporter -->
<testsuite ignored="0" hostname="LAPTOP-DB54UFPV" failures="0" tests="4" name="Test" time="17.31" errors="0" timestamp="2024-06-20T15:47:16 IST">
  <testcase classname="TestLayer.LoginPageTest" name="loginFunctionality" time="0.418"/>
  <testcase classname="TestLayer.AddToCartPageTest" name="validateAddToCart" time="6.797"/>
  <testcase classname="TestLayer.PersonalPageTest" name="validatePersonalPage" time="3.614"/>
  <testcase classname="TestLayer.FinishPageTest" name="validateFinishFunctionality" time="0.114"/>
</testsuite> <!-- Test -->
