<?xml version="1.0" encoding="UTF-8"?>
<!-- Generated by org.testng.reporters.JUnitXMLReporter -->
<testsuite ignored="0" hostname="Mrprajapati" failures="0" tests="9" name="groupingtests" time="0.106" errors="0" timestamp="2025-01-12T01:21:45 IST">
  <testcase classname="TestNg_Day_6.Dependencymethods.loginTest" name="loginByEmail" time="0.015"/>
  <testcase classname="TestNg_Day_6.Dependencymethods.loginTest" name="loginByFacebook" time="0.001"/>
  <testcase classname="TestNg_Day_6.Dependencymethods.loginTest" name="loginByTwitter" time="0.003"/>
  <testcase classname="TestNg_Day_6.Dependencymethods.signUpTest" name="signupByEmail" time="0.002"/>
  <testcase classname="TestNg_Day_6.Dependencymethods.signUpTest" name="singupByFacebook" time="0.002"/>
  <testcase classname="TestNg_Day_6.Dependencymethods.signUpTest" name="signupByTwitter" time="0.002"/>
  <testcase classname="TestNg_Day_6.Dependencymethods.paymentTests" name="PaymentinRupees" time="0.002"/>
  <testcase classname="TestNg_Day_6.Dependencymethods.paymentTests" name="PaymentinDoller" time="0.0"/>
  <testcase classname="TestNg_Day_6.Dependencymethods.paymentTests" name="PaymentinYens" time="0.001"/>
</testsuite> <!-- groupingtests -->
