<?xml version="1.0" encoding="UTF-8"?>
<!-- Generated by org.testng.reporters.JUnitXMLReporter -->
<testsuite ignored="0" hostname="Mrprajapati" failures="0" tests="4" name="Test" time="8.962" errors="0" timestamp="2024-11-02T04:15:33 IST">
  <testcase classname="TestNG_Day_1.OrangeHRM" name="openapp" time="5.33"/>
  <testcase classname="TestNG_Day_1.OrangeHRM" name="testlogopresence" time="3.068"/>
  <testcase classname="TestNG_Day_1.OrangeHRM" name="testLogin" time="0.254"/>
  <testcase classname="TestNG_Day_1.OrangeHRM" name="close" time="0.234"/>
</testsuite> <!-- Test -->
