<?xml version="1.0" encoding="UTF-8"?>
<!-- Generated by org.testng.reporters.JUnitXMLReporter -->
<testsuite ignored="0" hostname="Mrprajapati" failures="0" tests="3" name="edgeTest" time="11.837" errors="0" timestamp="2025-01-13T16:43:08 IST">
  <testcase classname="TestNG_Day_7.Dataprovider.ParaTest" name="testLogo" time="0.066"/>
  <testcase classname="TestNG_Day_7.Dataprovider.ParaTest" name="testTitle" time="0.019"/>
  <testcase classname="TestNG_Day_7.Dataprovider.ParaTest" name="testURL" time="0.014"/>
</testsuite> <!-- edgeTest -->
