<?xml version="1.0" encoding="UTF-8"?>
<!-- Generated by org.testng.reporters.JUnitXMLReporter -->
<testsuite ignored="0" hostname="Mrprajapati" failures="0" tests="3" name="firefoxTest" time="16.106" errors="0" timestamp="2025-01-13T16:43:12 IST">
  <testcase classname="TestNG_Day_7.Dataprovider.ParaTest" name="testLogo" time="0.038"/>
  <testcase classname="TestNG_Day_7.Dataprovider.ParaTest" name="testTitle" time="0.009"/>
  <testcase classname="TestNG_Day_7.Dataprovider.ParaTest" name="testURL" time="0.007"/>
</testsuite> <!-- firefoxTest -->
