<?xml version="1.0" encoding="UTF-8"?>
<!-- Generated by org.testng.reporters.JUnitXMLReporter -->
<testsuite ignored="0" hostname="Mrprajapati" failures="0" tests="3" name="Default test" time="0.069" errors="0" timestamp="2024-12-24T18:07:05 IST">
  <testcase classname="TestNG_Day_1.FirstTestcase" name="openApp" time="0.016"/>
  <testcase classname="TestNG_Day_1.FirstTestcase" name="logIn" time="0.002"/>
  <testcase classname="TestNG_Day_1.FirstTestcase" name="logOut" time="0.001"/>
</testsuite> <!-- Default test -->
