<?xml version="1.0" encoding="UTF-8"?>
<testng-results ignored="0" total="4" passed="4" failed="0" skipped="0">
  <reporter-output>
  </reporter-output>
  <suite started-at="2024-06-20T15:46:59 IST" name="Suite" finished-at="2024-06-20T15:47:16 IST" duration-ms="17310">
    <groups>
    </groups>
    <test started-at="2024-06-20T15:46:59 IST" name="Test" finished-at="2024-06-20T15:47:16 IST" duration-ms="17310">
      <class name="TestLayer.FinishPageTest">
        <test-method signature="validateFinishFunctionality()[pri:0, instance:TestLayer.FinishPageTest@32502377]" started-at="2024-06-20T15:47:16 IST" name="validateFinishFunctionality" finished-at="2024-06-20T15:47:16 IST" duration-ms="114" status="PASS">
          <reporter-output>
          </reporter-output>
        </test-method> <!-- validateFinishFunctionality -->
      </class> <!-- TestLayer.FinishPageTest -->
      <class name="TestLayer.AddToCartPageTest">
        <test-method signature="validateAddToCart()[pri:0, instance:TestLayer.AddToCartPageTest@31fa1761]" started-at="2024-06-20T15:47:05 IST" name="validateAddToCart" finished-at="2024-06-20T15:47:12 IST" duration-ms="6797" status="PASS">
          <reporter-output>
          </reporter-output>
        </test-method> <!-- validateAddToCart -->
      </class> <!-- TestLayer.AddToCartPageTest -->
      <class name="TestLayer.LoginPageTest">
        <test-method is-config="true" signature="setUp(java.lang.String)[pri:0, instance:TestLayer.LoginPageTest@f0da945]" started-at="2024-06-20T15:46:59 IST" name="setUp" finished-at="2024-06-20T15:47:04 IST" duration-ms="5298" status="PASS">
          <params>
            <param index="0">
              <value>
                <![CDATA[chrome]]>
              </value>
            </param>
          </params>
          <reporter-output>
          </reporter-output>
        </test-method> <!-- setUp -->
        <test-method signature="loginFunctionality()[pri:0, instance:TestLayer.LoginPageTest@f0da945]" started-at="2024-06-20T15:47:04 IST" name="loginFunctionality" finished-at="2024-06-20T15:47:05 IST" duration-ms="418" status="PASS">
          <reporter-output>
          </reporter-output>
        </test-method> <!-- loginFunctionality -->
        <test-method is-config="true" signature="tearDown()[pri:0, instance:TestLayer.LoginPageTest@f0da945]" started-at="2024-06-20T15:47:16 IST" name="tearDown" finished-at="2024-06-20T15:47:16 IST" duration-ms="203" status="PASS">
          <reporter-output>
          </reporter-output>
        </test-method> <!-- tearDown -->
      </class> <!-- TestLayer.LoginPageTest -->
      <class name="TestLayer.PersonalPageTest">
        <test-method signature="validatePersonalPage()[pri:0, instance:TestLayer.PersonalPageTest@957e06]" started-at="2024-06-20T15:47:12 IST" name="validatePersonalPage" finished-at="2024-06-20T15:47:16 IST" duration-ms="3614" status="PASS">
          <reporter-output>
          </reporter-output>
        </test-method> <!-- validatePersonalPage -->
      </class> <!-- TestLayer.PersonalPageTest -->
    </test> <!-- Test -->
  </suite> <!-- Suite -->
</testng-results>
